<?xml version="1.0" encoding="UTF-8"?>
<testng-results ignored="0" total="1" passed="1" failed="0" skipped="0">
  <reporter-output>
  </reporter-output>
  <suite started-at="2022-03-17T00:17:21 IST" name="Default suite" finished-at="2022-03-17T00:17:21 IST" duration-ms="42">
    <groups>
    </groups>
    <test started-at="2022-03-17T00:17:21 IST" name="Default test" finished-at="2022-03-17T00:17:21 IST" duration-ms="42">
      <class name="testPackage.BasicClass2">
        <test-method signature="test1()[pri:0, instance:testPackage.BasicClass2@4df50bcc]" started-at="2022-03-17T00:17:21 IST" name="test1" finished-at="2022-03-17T00:17:21 IST" duration-ms="9" status="PASS">
          <reporter-output>
          </reporter-output>
        </test-method> <!-- test1 -->
      </class> <!-- testPackage.BasicClass2 -->
    </test> <!-- Default test -->
  </suite> <!-- Default suite -->
</testng-results>
